<?xml version="1.0" encoding="UTF-8"?>
<testsuite name="TestHelloWorld" tests="1" skipped="0" failures="0" errors="0" timestamp="2023-01-12T04:26:41" hostname="DESKTOP-C632AVU" time="0.001">
  <properties/>
  <testcase name="testSayHello" classname="TestHelloWorld" time="0.001"/>
  <system-out><![CDATA[]]></system-out>
  <system-err><![CDATA[]]></system-err>
</testsuite>
